parallel-groupby on î‚  ll/milestone [$!?] via â–³ via ðŸ via ðŸ…’ lorax took 6s
â¯ ./main --num_threads 8 --strategy SIMPLE_TWO_PHASE_RADIX --radix_partition_cnt_ratio 1 --in_db_file_path data/tpch-sf1.db | grep ">>"
>>> running trial 0
>> phase 1 time: 99 ms
>> phase 2 time: 43 ms
>>> aggregation time: 182 ms
>> write output: 31 ms
>>> elapsed time: 213 ms
(lorax)
parallel-groupby on î‚  ll/milestone [$!?] via â–³ via ðŸ via ðŸ…’ lorax
â¯ ./main --num_threads 8 --strategy SIMPLE_TWO_PHASE_RADIX --radix_partition_cnt_ratio 2 --in_db_file_path data/tpch-sf1.db | grep ">>"
>>> running trial 0
>> phase 1 time: 93 ms
>> phase 2 time: 42 ms
>>> aggregation time: 174 ms
>> write output: 22 ms
>>> elapsed time: 196 ms
(lorax)
parallel-groupby on î‚  ll/milestone [$!?] via â–³ via ðŸ via ðŸ…’ lorax
â¯ ./main --num_threads 8 --strategy SIMPLE_TWO_PHASE_RADIX --radix_partition_cnt_ratio 4 --in_db_file_path data/tpch-sf1.db | grep ">>"
>>> running trial 0
>> phase 1 time: 87 ms
>> phase 2 time: 35 ms
>>> aggregation time: 162 ms
>> write output: 20 ms
>>> elapsed time: 183 ms
(lorax)
parallel-groupby on î‚  ll/milestone [$!?] via â–³ via ðŸ via ðŸ…’ lorax
â¯ ./main --num_threads 8 --strategy SIMPLE_TWO_PHASE_RADIX --radix_partition_cnt_ratio 8 --in_db_file_path data/tpch-sf1.db | grep ">>"
>>> running trial 0
>> phase 1 time: 83 ms
>> phase 2 time: 32 ms
>>> aggregation time: 147 ms
>> write output: 20 ms
>>> elapsed time: 168 ms
(lorax)
parallel-groupby on î‚  ll/milestone [$!?] via â–³ via ðŸ via ðŸ…’ lorax
â¯ ./main --num_threads 8 --strategy SIMPLE_TWO_PHASE_RADIX --radix_partition_cnt_ratio 16 --in_db_file_path data/tpch-sf1.db | grep ">>"
>>> running trial 0
>> phase 1 time: 80 ms
>> phase 2 time: 39 ms
>>> aggregation time: 143 ms
>> write output: 20 ms
>>> elapsed time: 164 ms
(lorax)
